[35m[1mConsolidate compiler generated dependencies of target snowplow_motor_controller[0m
[ 50%] [32mBuilding CXX object CMakeFiles/snowplow_motor_controller.dir/hardware/diffbot_system.cpp.o[0m
[100%] [32m[1mLinking CXX shared library libsnowplow_motor_controller.so[0m
[100%] Built target snowplow_motor_controller
-- Install configuration: ""
-- Up-to-date: /home/ros2_ws/src/ros2_control_demos/example_2/install/snowplow_motor_controller/share/snowplow_motor_controller/snowplow_motor_controller.xml
-- Up-to-date: /home/ros2_ws/src/ros2_control_demos/example_2/install/snowplow_motor_controller/include/snowplow_motor_controller
-- Up-to-date: /home/ros2_ws/src/ros2_control_demos/example_2/install/snowplow_motor_controller/include/snowplow_motor_controller/snowplow_motor_controller
-- Up-to-date: /home/ros2_ws/src/ros2_control_demos/example_2/install/snowplow_motor_controller/include/snowplow_motor_controller/snowplow_motor_controller/wheel.hpp
-- Up-to-date: /home/ros2_ws/src/ros2_control_demos/example_2/install/snowplow_motor_controller/include/snowplow_motor_controller/snowplow_motor_controller/visibility_control.h
-- Up-to-date: /home/ros2_ws/src/ros2_control_demos/example_2/install/snowplow_motor_controller/include/snowplow_motor_controller/snowplow_motor_controller/config.h
-- Up-to-date: /home/ros2_ws/src/ros2_control_demos/example_2/install/snowplow_motor_controller/include/snowplow_motor_controller/snowplow_motor_controller/diffbot_system.hpp
-- Installing: /home/ros2_ws/src/ros2_control_demos/example_2/install/snowplow_motor_controller/include/snowplow_motor_controller/snowplow_motor_controller/hdc2460_comms.hpp
-- Up-to-date: /home/ros2_ws/src/ros2_control_demos/example_2/install/snowplow_motor_controller/share/snowplow_motor_controller/launch
-- Up-to-date: /home/ros2_ws/src/ros2_control_demos/example_2/install/snowplow_motor_controller/share/snowplow_motor_controller/launch/view_robot.launch.py
-- Up-to-date: /home/ros2_ws/src/ros2_control_demos/example_2/install/snowplow_motor_controller/share/snowplow_motor_controller/ros2_control
-- Up-to-date: /home/ros2_ws/src/ros2_control_demos/example_2/install/snowplow_motor_controller/share/snowplow_motor_controller/ros2_control/diffbot.ros2_control.xacro
-- Up-to-date: /home/ros2_ws/src/ros2_control_demos/example_2/install/snowplow_motor_controller/share/snowplow_motor_controller/urdf
-- Up-to-date: /home/ros2_ws/src/ros2_control_demos/example_2/install/snowplow_motor_controller/share/snowplow_motor_controller/urdf/diffbot.urdf.xacro
-- Up-to-date: /home/ros2_ws/src/ros2_control_demos/example_2/install/snowplow_motor_controller/share/snowplow_motor_controller/launch
-- Up-to-date: /home/ros2_ws/src/ros2_control_demos/example_2/install/snowplow_motor_controller/share/snowplow_motor_controller/launch/diffbot.launch.py
-- Up-to-date: /home/ros2_ws/src/ros2_control_demos/example_2/install/snowplow_motor_controller/share/snowplow_motor_controller/config
-- Up-to-date: /home/ros2_ws/src/ros2_control_demos/example_2/install/snowplow_motor_controller/share/snowplow_motor_controller/config/diffbot_controllers.yaml
-- Installing: /home/ros2_ws/src/ros2_control_demos/example_2/install/snowplow_motor_controller/lib/libsnowplow_motor_controller.so
-- Set runtime path of "/home/ros2_ws/src/ros2_control_demos/example_2/install/snowplow_motor_controller/lib/libsnowplow_motor_controller.so" to ""
-- Up-to-date: /home/ros2_ws/src/ros2_control_demos/example_2/install/snowplow_motor_controller/share/snowplow_motor_controller/environment/library_path.sh
-- Up-to-date: /home/ros2_ws/src/ros2_control_demos/example_2/install/snowplow_motor_controller/share/snowplow_motor_controller/environment/library_path.dsv
-- Up-to-date: /home/ros2_ws/src/ros2_control_demos/example_2/install/snowplow_motor_controller/share/ament_index/resource_index/package_run_dependencies/snowplow_motor_controller
-- Up-to-date: /home/ros2_ws/src/ros2_control_demos/example_2/install/snowplow_motor_controller/share/ament_index/resource_index/parent_prefix_path/snowplow_motor_controller
-- Up-to-date: /home/ros2_ws/src/ros2_control_demos/example_2/install/snowplow_motor_controller/share/snowplow_motor_controller/environment/ament_prefix_path.sh
-- Up-to-date: /home/ros2_ws/src/ros2_control_demos/example_2/install/snowplow_motor_controller/share/snowplow_motor_controller/environment/ament_prefix_path.dsv
-- Up-to-date: /home/ros2_ws/src/ros2_control_demos/example_2/install/snowplow_motor_controller/share/snowplow_motor_controller/environment/path.sh
-- Up-to-date: /home/ros2_ws/src/ros2_control_demos/example_2/install/snowplow_motor_controller/share/snowplow_motor_controller/environment/path.dsv
-- Up-to-date: /home/ros2_ws/src/ros2_control_demos/example_2/install/snowplow_motor_controller/share/snowplow_motor_controller/local_setup.bash
-- Up-to-date: /home/ros2_ws/src/ros2_control_demos/example_2/install/snowplow_motor_controller/share/snowplow_motor_controller/local_setup.sh
-- Up-to-date: /home/ros2_ws/src/ros2_control_demos/example_2/install/snowplow_motor_controller/share/snowplow_motor_controller/local_setup.zsh
-- Up-to-date: /home/ros2_ws/src/ros2_control_demos/example_2/install/snowplow_motor_controller/share/snowplow_motor_controller/local_setup.dsv
-- Installing: /home/ros2_ws/src/ros2_control_demos/example_2/install/snowplow_motor_controller/share/snowplow_motor_controller/package.dsv
-- Up-to-date: /home/ros2_ws/src/ros2_control_demos/example_2/install/snowplow_motor_controller/share/ament_index/resource_index/packages/snowplow_motor_controller
-- Up-to-date: /home/ros2_ws/src/ros2_control_demos/example_2/install/snowplow_motor_controller/share/ament_index/resource_index/hardware_interface__pluginlib__plugin/snowplow_motor_controller
-- Up-to-date: /home/ros2_ws/src/ros2_control_demos/example_2/install/snowplow_motor_controller/share/snowplow_motor_controller/cmake/export_snowplow_motor_controllerExport.cmake
-- Up-to-date: /home/ros2_ws/src/ros2_control_demos/example_2/install/snowplow_motor_controller/share/snowplow_motor_controller/cmake/export_snowplow_motor_controllerExport-noconfig.cmake
-- Up-to-date: /home/ros2_ws/src/ros2_control_demos/example_2/install/snowplow_motor_controller/share/snowplow_motor_controller/cmake/ament_cmake_export_targets-extras.cmake
-- Up-to-date: /home/ros2_ws/src/ros2_control_demos/example_2/install/snowplow_motor_controller/share/snowplow_motor_controller/cmake/ament_cmake_export_dependencies-extras.cmake
-- Up-to-date: /home/ros2_ws/src/ros2_control_demos/example_2/install/snowplow_motor_controller/share/snowplow_motor_controller/cmake/snowplow_motor_controllerConfig.cmake
-- Up-to-date: /home/ros2_ws/src/ros2_control_demos/example_2/install/snowplow_motor_controller/share/snowplow_motor_controller/cmake/snowplow_motor_controllerConfig-version.cmake
-- Up-to-date: /home/ros2_ws/src/ros2_control_demos/example_2/install/snowplow_motor_controller/share/snowplow_motor_controller/package.xml
