[0.132s] Invoking command in '/home/ros2_ws/src/ros2_control_demos/example_2/build/snowplow_motor_controller': CMAKE_PREFIX_PATH=/opt/ros/humble /usr/bin/cmake --build /home/ros2_ws/src/ros2_control_demos/example_2/build/snowplow_motor_controller -- -j8 -l8
[0.195s] [35m[1mConsolidate compiler generated dependencies of target snowplow_motor_controller[0m
[0.238s] [ 50%] [32mBuilding CXX object CMakeFiles/snowplow_motor_controller.dir/hardware/diffbot_system.cpp.o[0m
[8.055s] [100%] [32m[1mLinking CXX shared library libsnowplow_motor_controller.so[0m
[8.469s] [100%] Built target snowplow_motor_controller
[8.488s] Invoked command in '/home/ros2_ws/src/ros2_control_demos/example_2/build/snowplow_motor_controller' returned '0': CMAKE_PREFIX_PATH=/opt/ros/humble /usr/bin/cmake --build /home/ros2_ws/src/ros2_control_demos/example_2/build/snowplow_motor_controller -- -j8 -l8
[8.557s] Invoking command in '/home/ros2_ws/src/ros2_control_demos/example_2/build/snowplow_motor_controller': CMAKE_PREFIX_PATH=/opt/ros/humble /usr/bin/cmake --install /home/ros2_ws/src/ros2_control_demos/example_2/build/snowplow_motor_controller
[8.579s] -- Install configuration: ""
[8.579s] -- Up-to-date: /home/ros2_ws/src/ros2_control_demos/example_2/install/snowplow_motor_controller/share/snowplow_motor_controller/snowplow_motor_controller.xml
[8.580s] -- Up-to-date: /home/ros2_ws/src/ros2_control_demos/example_2/install/snowplow_motor_controller/include/snowplow_motor_controller
[8.580s] -- Up-to-date: /home/ros2_ws/src/ros2_control_demos/example_2/install/snowplow_motor_controller/include/snowplow_motor_controller/snowplow_motor_controller
[8.581s] -- Up-to-date: /home/ros2_ws/src/ros2_control_demos/example_2/install/snowplow_motor_controller/include/snowplow_motor_controller/snowplow_motor_controller/wheel.hpp
[8.581s] -- Up-to-date: /home/ros2_ws/src/ros2_control_demos/example_2/install/snowplow_motor_controller/include/snowplow_motor_controller/snowplow_motor_controller/visibility_control.h
[8.581s] -- Up-to-date: /home/ros2_ws/src/ros2_control_demos/example_2/install/snowplow_motor_controller/include/snowplow_motor_controller/snowplow_motor_controller/config.h
[8.582s] -- Up-to-date: /home/ros2_ws/src/ros2_control_demos/example_2/install/snowplow_motor_controller/include/snowplow_motor_controller/snowplow_motor_controller/diffbot_system.hpp
[8.582s] -- Installing: /home/ros2_ws/src/ros2_control_demos/example_2/install/snowplow_motor_controller/include/snowplow_motor_controller/snowplow_motor_controller/hdc2460_comms.hpp
[8.582s] -- Up-to-date: /home/ros2_ws/src/ros2_control_demos/example_2/install/snowplow_motor_controller/share/snowplow_motor_controller/launch
[8.583s] -- Up-to-date: /home/ros2_ws/src/ros2_control_demos/example_2/install/snowplow_motor_controller/share/snowplow_motor_controller/launch/view_robot.launch.py
[8.583s] -- Up-to-date: /home/ros2_ws/src/ros2_control_demos/example_2/install/snowplow_motor_controller/share/snowplow_motor_controller/ros2_control
[8.583s] -- Up-to-date: /home/ros2_ws/src/ros2_control_demos/example_2/install/snowplow_motor_controller/share/snowplow_motor_controller/ros2_control/diffbot.ros2_control.xacro
[8.583s] -- Up-to-date: /home/ros2_ws/src/ros2_control_demos/example_2/install/snowplow_motor_controller/share/snowplow_motor_controller/urdf
[8.584s] -- Up-to-date: /home/ros2_ws/src/ros2_control_demos/example_2/install/snowplow_motor_controller/share/snowplow_motor_controller/urdf/diffbot.urdf.xacro
[8.584s] -- Up-to-date: /home/ros2_ws/src/ros2_control_demos/example_2/install/snowplow_motor_controller/share/snowplow_motor_controller/launch
[8.584s] -- Up-to-date: /home/ros2_ws/src/ros2_control_demos/example_2/install/snowplow_motor_controller/share/snowplow_motor_controller/launch/diffbot.launch.py
[8.584s] -- Up-to-date: /home/ros2_ws/src/ros2_control_demos/example_2/install/snowplow_motor_controller/share/snowplow_motor_controller/config
[8.585s] -- Up-to-date: /home/ros2_ws/src/ros2_control_demos/example_2/install/snowplow_motor_controller/share/snowplow_motor_controller/config/diffbot_controllers.yaml
[8.585s] -- Installing: /home/ros2_ws/src/ros2_control_demos/example_2/install/snowplow_motor_controller/lib/libsnowplow_motor_controller.so
[8.586s] -- Set runtime path of "/home/ros2_ws/src/ros2_control_demos/example_2/install/snowplow_motor_controller/lib/libsnowplow_motor_controller.so" to ""
[8.587s] -- Up-to-date: /home/ros2_ws/src/ros2_control_demos/example_2/install/snowplow_motor_controller/share/snowplow_motor_controller/environment/library_path.sh
[8.587s] -- Up-to-date: /home/ros2_ws/src/ros2_control_demos/example_2/install/snowplow_motor_controller/share/snowplow_motor_controller/environment/library_path.dsv
[8.588s] -- Up-to-date: /home/ros2_ws/src/ros2_control_demos/example_2/install/snowplow_motor_controller/share/ament_index/resource_index/package_run_dependencies/snowplow_motor_controller
[8.588s] -- Up-to-date: /home/ros2_ws/src/ros2_control_demos/example_2/install/snowplow_motor_controller/share/ament_index/resource_index/parent_prefix_path/snowplow_motor_controller
[8.588s] -- Up-to-date: /home/ros2_ws/src/ros2_control_demos/example_2/install/snowplow_motor_controller/share/snowplow_motor_controller/environment/ament_prefix_path.sh
[8.588s] -- Up-to-date: /home/ros2_ws/src/ros2_control_demos/example_2/install/snowplow_motor_controller/share/snowplow_motor_controller/environment/ament_prefix_path.dsv
[8.589s] -- Up-to-date: /home/ros2_ws/src/ros2_control_demos/example_2/install/snowplow_motor_controller/share/snowplow_motor_controller/environment/path.sh
[8.589s] -- Up-to-date: /home/ros2_ws/src/ros2_control_demos/example_2/install/snowplow_motor_controller/share/snowplow_motor_controller/environment/path.dsv
[8.590s] -- Up-to-date: /home/ros2_ws/src/ros2_control_demos/example_2/install/snowplow_motor_controller/share/snowplow_motor_controller/local_setup.bash
[8.590s] -- Up-to-date: /home/ros2_ws/src/ros2_control_demos/example_2/install/snowplow_motor_controller/share/snowplow_motor_controller/local_setup.sh
[8.590s] -- Up-to-date: /home/ros2_ws/src/ros2_control_demos/example_2/install/snowplow_motor_controller/share/snowplow_motor_controller/local_setup.zsh
[8.590s] -- Up-to-date: /home/ros2_ws/src/ros2_control_demos/example_2/install/snowplow_motor_controller/share/snowplow_motor_controller/local_setup.dsv
[8.590s] -- Installing: /home/ros2_ws/src/ros2_control_demos/example_2/install/snowplow_motor_controller/share/snowplow_motor_controller/package.dsv
[8.590s] -- Up-to-date: /home/ros2_ws/src/ros2_control_demos/example_2/install/snowplow_motor_controller/share/ament_index/resource_index/packages/snowplow_motor_controller
[8.591s] -- Up-to-date: /home/ros2_ws/src/ros2_control_demos/example_2/install/snowplow_motor_controller/share/ament_index/resource_index/hardware_interface__pluginlib__plugin/snowplow_motor_controller
[8.591s] -- Up-to-date: /home/ros2_ws/src/ros2_control_demos/example_2/install/snowplow_motor_controller/share/snowplow_motor_controller/cmake/export_snowplow_motor_controllerExport.cmake
[8.591s] -- Up-to-date: /home/ros2_ws/src/ros2_control_demos/example_2/install/snowplow_motor_controller/share/snowplow_motor_controller/cmake/export_snowplow_motor_controllerExport-noconfig.cmake
[8.592s] -- Up-to-date: /home/ros2_ws/src/ros2_control_demos/example_2/install/snowplow_motor_controller/share/snowplow_motor_controller/cmake/ament_cmake_export_targets-extras.cmake
[8.594s] -- Up-to-date: /home/ros2_ws/src/ros2_control_demos/example_2/install/snowplow_motor_controller/share/snowplow_motor_controller/cmake/ament_cmake_export_dependencies-extras.cmake
[8.594s] -- Up-to-date: /home/ros2_ws/src/ros2_control_demos/example_2/install/snowplow_motor_controller/share/snowplow_motor_controller/cmake/snowplow_motor_controllerConfig.cmake
[8.595s] -- Up-to-date: /home/ros2_ws/src/ros2_control_demos/example_2/install/snowplow_motor_controller/share/snowplow_motor_controller/cmake/snowplow_motor_controllerConfig-version.cmake
[8.595s] -- Up-to-date: /home/ros2_ws/src/ros2_control_demos/example_2/install/snowplow_motor_controller/share/snowplow_motor_controller/package.xml
[8.596s] Invoked command in '/home/ros2_ws/src/ros2_control_demos/example_2/build/snowplow_motor_controller' returned '0': CMAKE_PREFIX_PATH=/opt/ros/humble /usr/bin/cmake --install /home/ros2_ws/src/ros2_control_demos/example_2/build/snowplow_motor_controller
