[0.107s] Invoking command in '/home/ros2_ws/src/ros2_control_demos/example_2/build/snowplow_motor_controller': CMAKE_PREFIX_PATH=/opt/ros/humble /usr/bin/cmake /home/ros2_ws/src/ros2_control_demos/example_2 -DCMAKE_INSTALL_PREFIX=/home/ros2_ws/src/ros2_control_demos/example_2/install/snowplow_motor_controller
[0.245s] -- The CXX compiler identification is GNU 11.4.0
[0.268s] -- Detecting CXX compiler ABI info
[0.426s] -- Detecting CXX compiler ABI info - done
[0.442s] -- Check for working CXX compiler: /usr/bin/c++ - skipped
[0.443s] -- Detecting CXX compile features
[0.443s] -- Detecting CXX compile features - done
[0.501s] -- Found ament_cmake: 1.3.7 (/opt/ros/humble/share/ament_cmake/cmake)
[0.804s] -- Found Python3: /usr/bin/python3.10 (found version "3.10.12") found components: Interpreter 
[1.021s] -- Found hardware_interface: 2.40.0 (/opt/ros/humble/share/hardware_interface/cmake)
[1.282s] -- Found rosidl_generator_c: 3.1.5 (/opt/ros/humble/share/rosidl_generator_c/cmake)
[1.297s] -- Found rosidl_adapter: 3.1.5 (/opt/ros/humble/share/rosidl_adapter/cmake)
[1.322s] -- Found rosidl_generator_cpp: 3.1.5 (/opt/ros/humble/share/rosidl_generator_cpp/cmake)
[1.364s] -- Using all available rosidl_typesupport_c: rosidl_typesupport_fastrtps_c;rosidl_typesupport_introspection_c
[1.414s] -- Using all available rosidl_typesupport_cpp: rosidl_typesupport_fastrtps_cpp;rosidl_typesupport_introspection_cpp
[3.236s] -- Found rmw_implementation_cmake: 6.1.1 (/opt/ros/humble/share/rmw_implementation_cmake/cmake)
[3.248s] -- Found rmw_fastrtps_cpp: 6.2.6 (/opt/ros/humble/share/rmw_fastrtps_cpp/cmake)
[3.352s] -- Found TinyXML2 via Config file: TinyXML2_DIR-NOTFOUND
[3.431s] -- Found OpenSSL: /usr/lib/x86_64-linux-gnu/libcrypto.so (found version "3.0.2")  
[3.437s] -- Found TinyXML2 via Config file: TinyXML2_DIR-NOTFOUND
[3.461s] -- Found FastRTPS: /opt/ros/humble/include  
[3.482s] -- Found TinyXML2 via Config file: TinyXML2_DIR-NOTFOUND
[3.495s] -- Found TinyXML2 via Config file: TinyXML2_DIR-NOTFOUND
[3.509s] -- Using RMW implementation 'rmw_fastrtps_cpp' as default
[3.537s] -- Looking for C++ include pthread.h
[3.663s] -- Looking for C++ include pthread.h - found
[3.663s] -- Performing Test CMAKE_HAVE_LIBC_PTHREAD
[3.784s] -- Performing Test CMAKE_HAVE_LIBC_PTHREAD - Success
[3.785s] -- Found Threads: TRUE  
[4.341s] [31mCMake Error at /opt/ros/humble/share/pluginlib/cmake/pluginlib_export_plugin_description_file.cmake:84 (message):
[4.341s]   Given plugin description file
[4.345s]   '/home/ros2_ws/src/ros2_control_demos/example_2/snowplow_motor_controller.xml'
[4.345s]   does not exist
[4.345s] Call Stack (most recent call first):
[4.345s]   CMakeLists.txt:45 (pluginlib_export_plugin_description_file)
[4.345s] 
[4.345s] [0m
[4.345s] -- Configuring incomplete, errors occurred!
[4.346s] See also "/home/ros2_ws/src/ros2_control_demos/example_2/build/snowplow_motor_controller/CMakeFiles/CMakeOutput.log".
[4.362s] Invoked command in '/home/ros2_ws/src/ros2_control_demos/example_2/build/snowplow_motor_controller' returned '1': CMAKE_PREFIX_PATH=/opt/ros/humble /usr/bin/cmake /home/ros2_ws/src/ros2_control_demos/example_2 -DCMAKE_INSTALL_PREFIX=/home/ros2_ws/src/ros2_control_demos/example_2/install/snowplow_motor_controller
