[3.513s] DEBUG:colcon:Command line arguments: ['/usr/bin/colcon', 'build']
[3.514s] DEBUG:colcon:Parsed command line arguments: Namespace(log_base=None, log_level=None, verb_name='build', build_base='build', install_base='install', merge_install=False, symlink_install=False, test_result_base=None, continue_on_error=False, executor='parallel', parallel_workers=8, event_handlers=None, ignore_user_meta=False, metas=['./colcon.meta'], base_paths=['.'], packages_ignore=None, packages_ignore_regex=None, paths=None, packages_up_to=None, packages_up_to_regex=None, packages_above=None, packages_above_and_dependencies=None, packages_above_depth=None, packages_select_by_dep=None, packages_skip_by_dep=None, packages_skip_up_to=None, packages_select_build_failed=False, packages_skip_build_finished=False, packages_select_test_failures=False, packages_skip_test_passed=False, packages_select=None, packages_skip=None, packages_select_regex=None, packages_skip_regex=None, packages_start=None, packages_end=None, cmake_args=None, cmake_target=None, cmake_target_skip_unavailable=False, cmake_clean_cache=False, cmake_clean_first=False, cmake_force_configure=False, ament_cmake_args=None, catkin_cmake_args=None, catkin_skip_building_tests=False, mixin_files=None, mixin=None, verb_parser=<colcon_mixin.mixin.mixin_argument.MixinArgumentDecorator object at 0x7ff539da35e0>, verb_extension=<colcon_core.verb.build.BuildVerb object at 0x7ff539da1420>, main=<bound method BuildVerb.main of <colcon_core.verb.build.BuildVerb object at 0x7ff539da1420>>, mixin_verb=('build',))
[3.642s] Level 1:colcon.colcon_core.package_discovery:discover_packages(colcon_meta) check parameters
[3.644s] INFO:colcon.colcon_metadata.package_discovery.colcon_meta:Using configuration from '/root/.colcon/metadata/default/Gazebo.meta'
[3.645s] INFO:colcon.colcon_metadata.package_discovery.colcon_meta:Using configuration from '/root/.colcon/metadata/default/fastrtps.meta'
[3.645s] Level 1:colcon.colcon_core.package_discovery:discover_packages(recursive) check parameters
[3.645s] Level 1:colcon.colcon_core.package_discovery:discover_packages(ignore) check parameters
[3.645s] Level 1:colcon.colcon_core.package_discovery:discover_packages(path) check parameters
[3.646s] Level 1:colcon.colcon_core.package_discovery:discover_packages(colcon_meta) discover
[3.646s] Level 1:colcon.colcon_core.package_discovery:discover_packages(recursive) discover
[3.646s] INFO:colcon.colcon_core.package_discovery:Crawling recursively for packages in '/home/ros2_ws/src/ros2_control_demos/example_2'
[3.646s] Level 1:colcon.colcon_core.package_identification:_identify(.) by extensions ['ignore', 'ignore_ament_install']
[3.647s] Level 1:colcon.colcon_core.package_identification:_identify(.) by extension 'ignore'
[3.647s] Level 1:colcon.colcon_core.package_identification:_identify(.) by extension 'ignore_ament_install'
[3.647s] Level 1:colcon.colcon_core.package_identification:_identify(.) by extensions ['colcon_pkg']
[3.647s] Level 1:colcon.colcon_core.package_identification:_identify(.) by extension 'colcon_pkg'
[3.647s] Level 1:colcon.colcon_core.package_identification:_identify(.) by extensions ['colcon_meta']
[3.647s] Level 1:colcon.colcon_core.package_identification:_identify(.) by extension 'colcon_meta'
[3.647s] Level 1:colcon.colcon_core.package_identification:_identify(.) by extensions ['ros']
[3.648s] Level 1:colcon.colcon_core.package_identification:_identify(.) by extension 'ros'
[3.693s] DEBUG:colcon.colcon_core.package_identification:Package '.' with type 'ros.ament_cmake' and name 'snowplow_motor_controller'
[3.693s] Level 1:colcon.colcon_core.package_discovery:discover_packages(recursive) using defaults
[3.693s] Level 1:colcon.colcon_core.package_discovery:discover_packages(ignore) discover
[3.693s] Level 1:colcon.colcon_core.package_discovery:discover_packages(ignore) using defaults
[3.693s] Level 1:colcon.colcon_core.package_discovery:discover_packages(path) discover
[3.693s] Level 1:colcon.colcon_core.package_discovery:discover_packages(path) using defaults
[3.879s] Level 5:colcon.colcon_core.verb:set package 'snowplow_motor_controller' build argument 'cmake_args' from command line to 'None'
[3.880s] Level 5:colcon.colcon_core.verb:set package 'snowplow_motor_controller' build argument 'cmake_target' from command line to 'None'
[3.880s] Level 5:colcon.colcon_core.verb:set package 'snowplow_motor_controller' build argument 'cmake_target_skip_unavailable' from command line to 'False'
[3.880s] Level 5:colcon.colcon_core.verb:set package 'snowplow_motor_controller' build argument 'cmake_clean_cache' from command line to 'False'
[3.880s] Level 5:colcon.colcon_core.verb:set package 'snowplow_motor_controller' build argument 'cmake_clean_first' from command line to 'False'
[3.880s] Level 5:colcon.colcon_core.verb:set package 'snowplow_motor_controller' build argument 'cmake_force_configure' from command line to 'False'
[3.880s] Level 5:colcon.colcon_core.verb:set package 'snowplow_motor_controller' build argument 'ament_cmake_args' from command line to 'None'
[3.880s] Level 5:colcon.colcon_core.verb:set package 'snowplow_motor_controller' build argument 'catkin_cmake_args' from command line to 'None'
[3.880s] Level 5:colcon.colcon_core.verb:set package 'snowplow_motor_controller' build argument 'catkin_skip_building_tests' from command line to 'False'
[3.880s] DEBUG:colcon.colcon_core.verb:Building package 'snowplow_motor_controller' with the following arguments: {'ament_cmake_args': None, 'build_base': '/home/ros2_ws/src/ros2_control_demos/example_2/build/snowplow_motor_controller', 'catkin_cmake_args': None, 'catkin_skip_building_tests': False, 'cmake_args': None, 'cmake_clean_cache': False, 'cmake_clean_first': False, 'cmake_force_configure': False, 'cmake_target': None, 'cmake_target_skip_unavailable': False, 'install_base': '/home/ros2_ws/src/ros2_control_demos/example_2/install/snowplow_motor_controller', 'merge_install': False, 'path': '/home/ros2_ws/src/ros2_control_demos/example_2', 'symlink_install': False, 'test_result_base': None}
[3.922s] INFO:colcon.colcon_core.executor:Executing jobs using 'parallel' executor
[3.971s] DEBUG:colcon.colcon_parallel_executor.executor.parallel:run_until_complete
[3.971s] INFO:colcon.colcon_ros.task.ament_cmake.build:Building ROS package in '/home/ros2_ws/src/ros2_control_demos/example_2' with build type 'ament_cmake'
[3.972s] INFO:colcon.colcon_cmake.task.cmake.build:Building CMake package in '/home/ros2_ws/src/ros2_control_demos/example_2'
[4.031s] INFO:colcon.colcon_core.plugin_system:Skipping extension 'colcon_core.shell.bat': Not used on non-Windows systems
[4.032s] INFO:colcon.colcon_core.shell:Skip shell extension 'powershell' for command environment: Not usable outside of PowerShell
[4.032s] DEBUG:colcon.colcon_core.shell:Skip shell extension 'dsv' for command environment
[4.252s] DEBUG:colcon.colcon_core.event_handler.log_command:Invoking command in '/home/ros2_ws/src/ros2_control_demos/example_2/build/snowplow_motor_controller': CMAKE_PREFIX_PATH=/opt/ros/humble /usr/bin/cmake --build /home/ros2_ws/src/ros2_control_demos/example_2/build/snowplow_motor_controller -- -j8 -l8
[13.808s] DEBUG:colcon.colcon_core.event_handler.log_command:Invoked command in '/home/ros2_ws/src/ros2_control_demos/example_2/build/snowplow_motor_controller' returned '2': CMAKE_PREFIX_PATH=/opt/ros/humble /usr/bin/cmake --build /home/ros2_ws/src/ros2_control_demos/example_2/build/snowplow_motor_controller -- -j8 -l8
[13.904s] Level 1:colcon.colcon_core.environment:create_environment_scripts_only(snowplow_motor_controller)
[13.962s] Level 1:colcon.colcon_core.environment:checking '/home/ros2_ws/src/ros2_control_demos/example_2/install/snowplow_motor_controller' for CMake module files
[13.964s] Level 1:colcon.colcon_core.environment:checking '/home/ros2_ws/src/ros2_control_demos/example_2/install/snowplow_motor_controller' for CMake config files
[13.965s] Level 1:colcon.colcon_core.shell:create_environment_hook('snowplow_motor_controller', 'cmake_prefix_path')
[14.004s] INFO:colcon.colcon_core.shell:Creating environment hook '/home/ros2_ws/src/ros2_control_demos/example_2/install/snowplow_motor_controller/share/snowplow_motor_controller/hook/cmake_prefix_path.ps1'
[14.006s] INFO:colcon.colcon_core.shell:Creating environment descriptor '/home/ros2_ws/src/ros2_control_demos/example_2/install/snowplow_motor_controller/share/snowplow_motor_controller/hook/cmake_prefix_path.dsv'
[14.007s] INFO:colcon.colcon_core.shell:Creating environment hook '/home/ros2_ws/src/ros2_control_demos/example_2/install/snowplow_motor_controller/share/snowplow_motor_controller/hook/cmake_prefix_path.sh'
[14.009s] Level 1:colcon.colcon_core.environment:checking '/home/ros2_ws/src/ros2_control_demos/example_2/install/snowplow_motor_controller/lib'
[14.009s] Level 1:colcon.colcon_core.shell:create_environment_hook('snowplow_motor_controller', 'ld_library_path_lib')
[14.054s] INFO:colcon.colcon_core.shell:Creating environment hook '/home/ros2_ws/src/ros2_control_demos/example_2/install/snowplow_motor_controller/share/snowplow_motor_controller/hook/ld_library_path_lib.ps1'
[14.055s] INFO:colcon.colcon_core.shell:Creating environment descriptor '/home/ros2_ws/src/ros2_control_demos/example_2/install/snowplow_motor_controller/share/snowplow_motor_controller/hook/ld_library_path_lib.dsv'
[14.056s] INFO:colcon.colcon_core.shell:Creating environment hook '/home/ros2_ws/src/ros2_control_demos/example_2/install/snowplow_motor_controller/share/snowplow_motor_controller/hook/ld_library_path_lib.sh'
[14.057s] Level 1:colcon.colcon_core.environment:checking '/home/ros2_ws/src/ros2_control_demos/example_2/install/snowplow_motor_controller/bin'
[14.057s] Level 1:colcon.colcon_core.environment:checking '/home/ros2_ws/src/ros2_control_demos/example_2/install/snowplow_motor_controller/lib/pkgconfig/snowplow_motor_controller.pc'
[14.060s] Level 1:colcon.colcon_core.environment:checking '/home/ros2_ws/src/ros2_control_demos/example_2/install/snowplow_motor_controller/lib/python3.10/site-packages'
[14.061s] Level 1:colcon.colcon_core.environment:checking '/home/ros2_ws/src/ros2_control_demos/example_2/install/snowplow_motor_controller/bin'
[14.100s] INFO:colcon.colcon_core.shell:Creating package script '/home/ros2_ws/src/ros2_control_demos/example_2/install/snowplow_motor_controller/share/snowplow_motor_controller/package.ps1'
[14.103s] INFO:colcon.colcon_core.shell:Creating package descriptor '/home/ros2_ws/src/ros2_control_demos/example_2/install/snowplow_motor_controller/share/snowplow_motor_controller/package.dsv'
[14.105s] INFO:colcon.colcon_core.shell:Creating package script '/home/ros2_ws/src/ros2_control_demos/example_2/install/snowplow_motor_controller/share/snowplow_motor_controller/package.sh'
[14.107s] INFO:colcon.colcon_core.shell:Creating package script '/home/ros2_ws/src/ros2_control_demos/example_2/install/snowplow_motor_controller/share/snowplow_motor_controller/package.bash'
[14.109s] INFO:colcon.colcon_core.shell:Creating package script '/home/ros2_ws/src/ros2_control_demos/example_2/install/snowplow_motor_controller/share/snowplow_motor_controller/package.zsh'
[14.111s] Level 1:colcon.colcon_core.environment:create_file_with_runtime_dependencies(/home/ros2_ws/src/ros2_control_demos/example_2/install/snowplow_motor_controller/share/colcon-core/packages/snowplow_motor_controller)
[14.122s] DEBUG:colcon.colcon_parallel_executor.executor.parallel:closing loop
[14.122s] DEBUG:colcon.colcon_parallel_executor.executor.parallel:loop closed
[14.123s] DEBUG:colcon.colcon_parallel_executor.executor.parallel:run_until_complete finished with '2'
[14.123s] DEBUG:colcon.colcon_core.event_reactor:joining thread
[14.187s] INFO:colcon.colcon_core.plugin_system:Skipping extension 'colcon_notification.desktop_notification.notify_send': Could not find 'notify-send'
[14.187s] INFO:colcon.colcon_core.plugin_system:Skipping extension 'colcon_notification.desktop_notification.terminal_notifier': Not used on non-Darwin systems
[14.187s] INFO:colcon.colcon_core.plugin_system:Skipping extension 'colcon_notification.desktop_notification.win32': Not used on non-Windows systems
[14.187s] INFO:colcon.colcon_notification.desktop_notification:Sending desktop notification using 'notify2'
[14.190s] DEBUG:colcon.colcon_notification.desktop_notification.notify2:Failed to initialize notify2: org.freedesktop.DBus.Error.Spawn.ExecFailed: /usr/bin/dbus-launch terminated abnormally without any error message
[14.191s] DEBUG:colcon.colcon_core.event_reactor:joined thread
[14.232s] INFO:colcon.colcon_core.shell:Creating prefix script '/home/ros2_ws/src/ros2_control_demos/example_2/install/local_setup.ps1'
[14.234s] INFO:colcon.colcon_core.shell:Creating prefix util module '/home/ros2_ws/src/ros2_control_demos/example_2/install/_local_setup_util_ps1.py'
[14.237s] INFO:colcon.colcon_core.shell:Creating prefix chain script '/home/ros2_ws/src/ros2_control_demos/example_2/install/setup.ps1'
[14.283s] INFO:colcon.colcon_core.shell:Creating prefix script '/home/ros2_ws/src/ros2_control_demos/example_2/install/local_setup.sh'
[14.284s] INFO:colcon.colcon_core.shell:Creating prefix util module '/home/ros2_ws/src/ros2_control_demos/example_2/install/_local_setup_util_sh.py'
[14.286s] INFO:colcon.colcon_core.shell:Creating prefix chain script '/home/ros2_ws/src/ros2_control_demos/example_2/install/setup.sh'
[14.326s] INFO:colcon.colcon_core.shell:Creating prefix script '/home/ros2_ws/src/ros2_control_demos/example_2/install/local_setup.bash'
[14.328s] INFO:colcon.colcon_core.shell:Creating prefix chain script '/home/ros2_ws/src/ros2_control_demos/example_2/install/setup.bash'
[14.366s] INFO:colcon.colcon_core.shell:Creating prefix script '/home/ros2_ws/src/ros2_control_demos/example_2/install/local_setup.zsh'
[14.367s] INFO:colcon.colcon_core.shell:Creating prefix chain script '/home/ros2_ws/src/ros2_control_demos/example_2/install/setup.zsh'
