[5.778s] DEBUG:colcon:Command line arguments: ['/usr/bin/colcon', 'build']
[5.778s] DEBUG:colcon:Parsed command line arguments: Namespace(log_base=None, log_level=None, verb_name='build', build_base='build', install_base='install', merge_install=False, symlink_install=False, test_result_base=None, continue_on_error=False, executor='parallel', parallel_workers=8, event_handlers=None, ignore_user_meta=False, metas=['./colcon.meta'], base_paths=['.'], packages_ignore=None, packages_ignore_regex=None, paths=None, packages_up_to=None, packages_up_to_regex=None, packages_above=None, packages_above_and_dependencies=None, packages_above_depth=None, packages_select_by_dep=None, packages_skip_by_dep=None, packages_skip_up_to=None, packages_select_build_failed=False, packages_skip_build_finished=False, packages_select_test_failures=False, packages_skip_test_passed=False, packages_select=None, packages_skip=None, packages_select_regex=None, packages_skip_regex=None, packages_start=None, packages_end=None, cmake_args=None, cmake_target=None, cmake_target_skip_unavailable=False, cmake_clean_cache=False, cmake_clean_first=False, cmake_force_configure=False, ament_cmake_args=None, catkin_cmake_args=None, catkin_skip_building_tests=False, mixin_files=None, mixin=None, verb_parser=<colcon_mixin.mixin.mixin_argument.MixinArgumentDecorator object at 0x7f67e48174c0>, verb_extension=<colcon_core.verb.build.BuildVerb object at 0x7f67e4815330>, main=<bound method BuildVerb.main of <colcon_core.verb.build.BuildVerb object at 0x7f67e4815330>>, mixin_verb=('build',))
[6.062s] Level 1:colcon.colcon_core.package_discovery:discover_packages(colcon_meta) check parameters
[6.064s] INFO:colcon.colcon_metadata.package_discovery.colcon_meta:Using configuration from '/root/.colcon/metadata/default/Gazebo.meta'
[6.076s] INFO:colcon.colcon_metadata.package_discovery.colcon_meta:Using configuration from '/root/.colcon/metadata/default/fastrtps.meta'
[6.076s] Level 1:colcon.colcon_core.package_discovery:discover_packages(recursive) check parameters
[6.076s] Level 1:colcon.colcon_core.package_discovery:discover_packages(ignore) check parameters
[6.076s] Level 1:colcon.colcon_core.package_discovery:discover_packages(path) check parameters
[6.077s] Level 1:colcon.colcon_core.package_discovery:discover_packages(colcon_meta) discover
[6.077s] Level 1:colcon.colcon_core.package_discovery:discover_packages(recursive) discover
[6.077s] INFO:colcon.colcon_core.package_discovery:Crawling recursively for packages in '/home/ros2_ws/src/ros2_control_demos/example_2'
[6.077s] Level 1:colcon.colcon_core.package_identification:_identify(.) by extensions ['ignore', 'ignore_ament_install']
[6.077s] Level 1:colcon.colcon_core.package_identification:_identify(.) by extension 'ignore'
[6.078s] Level 1:colcon.colcon_core.package_identification:_identify(.) by extension 'ignore_ament_install'
[6.078s] Level 1:colcon.colcon_core.package_identification:_identify(.) by extensions ['colcon_pkg']
[6.078s] Level 1:colcon.colcon_core.package_identification:_identify(.) by extension 'colcon_pkg'
[6.078s] Level 1:colcon.colcon_core.package_identification:_identify(.) by extensions ['colcon_meta']
[6.078s] Level 1:colcon.colcon_core.package_identification:_identify(.) by extension 'colcon_meta'
[6.078s] Level 1:colcon.colcon_core.package_identification:_identify(.) by extensions ['ros']
[6.078s] Level 1:colcon.colcon_core.package_identification:_identify(.) by extension 'ros'
[6.207s] DEBUG:colcon.colcon_core.package_identification:Package '.' with type 'ros.ament_cmake' and name 'snowplow_motor_controller'
[6.208s] Level 1:colcon.colcon_core.package_discovery:discover_packages(recursive) using defaults
[6.208s] Level 1:colcon.colcon_core.package_discovery:discover_packages(ignore) discover
[6.208s] Level 1:colcon.colcon_core.package_discovery:discover_packages(ignore) using defaults
[6.208s] Level 1:colcon.colcon_core.package_discovery:discover_packages(path) discover
[6.208s] Level 1:colcon.colcon_core.package_discovery:discover_packages(path) using defaults
[6.761s] Level 5:colcon.colcon_core.verb:set package 'snowplow_motor_controller' build argument 'cmake_args' from command line to 'None'
[6.762s] Level 5:colcon.colcon_core.verb:set package 'snowplow_motor_controller' build argument 'cmake_target' from command line to 'None'
[6.762s] Level 5:colcon.colcon_core.verb:set package 'snowplow_motor_controller' build argument 'cmake_target_skip_unavailable' from command line to 'False'
[6.762s] Level 5:colcon.colcon_core.verb:set package 'snowplow_motor_controller' build argument 'cmake_clean_cache' from command line to 'False'
[6.762s] Level 5:colcon.colcon_core.verb:set package 'snowplow_motor_controller' build argument 'cmake_clean_first' from command line to 'False'
[6.762s] Level 5:colcon.colcon_core.verb:set package 'snowplow_motor_controller' build argument 'cmake_force_configure' from command line to 'False'
[6.762s] Level 5:colcon.colcon_core.verb:set package 'snowplow_motor_controller' build argument 'ament_cmake_args' from command line to 'None'
[6.762s] Level 5:colcon.colcon_core.verb:set package 'snowplow_motor_controller' build argument 'catkin_cmake_args' from command line to 'None'
[6.762s] Level 5:colcon.colcon_core.verb:set package 'snowplow_motor_controller' build argument 'catkin_skip_building_tests' from command line to 'False'
[6.762s] DEBUG:colcon.colcon_core.verb:Building package 'snowplow_motor_controller' with the following arguments: {'ament_cmake_args': None, 'build_base': '/home/ros2_ws/src/ros2_control_demos/example_2/build/snowplow_motor_controller', 'catkin_cmake_args': None, 'catkin_skip_building_tests': False, 'cmake_args': None, 'cmake_clean_cache': False, 'cmake_clean_first': False, 'cmake_force_configure': False, 'cmake_target': None, 'cmake_target_skip_unavailable': False, 'install_base': '/home/ros2_ws/src/ros2_control_demos/example_2/install/snowplow_motor_controller', 'merge_install': False, 'path': '/home/ros2_ws/src/ros2_control_demos/example_2', 'symlink_install': False, 'test_result_base': None}
[6.851s] INFO:colcon.colcon_core.executor:Executing jobs using 'parallel' executor
[6.954s] DEBUG:colcon.colcon_parallel_executor.executor.parallel:run_until_complete
[6.954s] INFO:colcon.colcon_ros.task.ament_cmake.build:Building ROS package in '/home/ros2_ws/src/ros2_control_demos/example_2' with build type 'ament_cmake'
[6.955s] INFO:colcon.colcon_cmake.task.cmake.build:Building CMake package in '/home/ros2_ws/src/ros2_control_demos/example_2'
[7.082s] INFO:colcon.colcon_core.plugin_system:Skipping extension 'colcon_core.shell.bat': Not used on non-Windows systems
[7.083s] INFO:colcon.colcon_core.shell:Skip shell extension 'powershell' for command environment: Not usable outside of PowerShell
[7.083s] DEBUG:colcon.colcon_core.shell:Skip shell extension 'dsv' for command environment
[7.313s] DEBUG:colcon.colcon_core.event_handler.log_command:Invoking command in '/home/ros2_ws/src/ros2_control_demos/example_2/build/snowplow_motor_controller': CMAKE_PREFIX_PATH=/opt/ros/humble /usr/bin/cmake --build /home/ros2_ws/src/ros2_control_demos/example_2/build/snowplow_motor_controller -- -j8 -l8
[28.678s] DEBUG:colcon.colcon_core.event_handler.log_command:Invoked command in '/home/ros2_ws/src/ros2_control_demos/example_2/build/snowplow_motor_controller' returned '0': CMAKE_PREFIX_PATH=/opt/ros/humble /usr/bin/cmake --build /home/ros2_ws/src/ros2_control_demos/example_2/build/snowplow_motor_controller -- -j8 -l8
[28.795s] DEBUG:colcon.colcon_core.event_handler.log_command:Invoking command in '/home/ros2_ws/src/ros2_control_demos/example_2/build/snowplow_motor_controller': CMAKE_PREFIX_PATH=/opt/ros/humble /usr/bin/cmake --install /home/ros2_ws/src/ros2_control_demos/example_2/build/snowplow_motor_controller
[28.868s] Level 1:colcon.colcon_core.environment:create_environment_scripts_only(snowplow_motor_controller)
[28.870s] DEBUG:colcon.colcon_core.event_handler.log_command:Invoked command in '/home/ros2_ws/src/ros2_control_demos/example_2/build/snowplow_motor_controller' returned '0': CMAKE_PREFIX_PATH=/opt/ros/humble /usr/bin/cmake --install /home/ros2_ws/src/ros2_control_demos/example_2/build/snowplow_motor_controller
[28.983s] Level 1:colcon.colcon_core.environment:checking '/home/ros2_ws/src/ros2_control_demos/example_2/install/snowplow_motor_controller' for CMake module files
[28.984s] Level 1:colcon.colcon_core.environment:checking '/home/ros2_ws/src/ros2_control_demos/example_2/install/snowplow_motor_controller' for CMake config files
[28.985s] Level 1:colcon.colcon_core.shell:create_environment_hook('snowplow_motor_controller', 'cmake_prefix_path')
[29.096s] INFO:colcon.colcon_core.shell:Creating environment hook '/home/ros2_ws/src/ros2_control_demos/example_2/install/snowplow_motor_controller/share/snowplow_motor_controller/hook/cmake_prefix_path.ps1'
[29.098s] INFO:colcon.colcon_core.shell:Creating environment descriptor '/home/ros2_ws/src/ros2_control_demos/example_2/install/snowplow_motor_controller/share/snowplow_motor_controller/hook/cmake_prefix_path.dsv'
[29.099s] INFO:colcon.colcon_core.shell:Creating environment hook '/home/ros2_ws/src/ros2_control_demos/example_2/install/snowplow_motor_controller/share/snowplow_motor_controller/hook/cmake_prefix_path.sh'
[29.111s] Level 1:colcon.colcon_core.environment:checking '/home/ros2_ws/src/ros2_control_demos/example_2/install/snowplow_motor_controller/lib'
[29.112s] Level 1:colcon.colcon_core.shell:create_environment_hook('snowplow_motor_controller', 'ld_library_path_lib')
[29.226s] INFO:colcon.colcon_core.shell:Creating environment hook '/home/ros2_ws/src/ros2_control_demos/example_2/install/snowplow_motor_controller/share/snowplow_motor_controller/hook/ld_library_path_lib.ps1'
[29.227s] INFO:colcon.colcon_core.shell:Creating environment descriptor '/home/ros2_ws/src/ros2_control_demos/example_2/install/snowplow_motor_controller/share/snowplow_motor_controller/hook/ld_library_path_lib.dsv'
[29.228s] INFO:colcon.colcon_core.shell:Creating environment hook '/home/ros2_ws/src/ros2_control_demos/example_2/install/snowplow_motor_controller/share/snowplow_motor_controller/hook/ld_library_path_lib.sh'
[29.228s] Level 1:colcon.colcon_core.environment:checking '/home/ros2_ws/src/ros2_control_demos/example_2/install/snowplow_motor_controller/bin'
[29.229s] Level 1:colcon.colcon_core.environment:checking '/home/ros2_ws/src/ros2_control_demos/example_2/install/snowplow_motor_controller/lib/pkgconfig/snowplow_motor_controller.pc'
[29.232s] Level 1:colcon.colcon_core.environment:checking '/home/ros2_ws/src/ros2_control_demos/example_2/install/snowplow_motor_controller/lib/python3.10/site-packages'
[29.233s] Level 1:colcon.colcon_core.environment:checking '/home/ros2_ws/src/ros2_control_demos/example_2/install/snowplow_motor_controller/bin'
[29.330s] INFO:colcon.colcon_core.shell:Creating package script '/home/ros2_ws/src/ros2_control_demos/example_2/install/snowplow_motor_controller/share/snowplow_motor_controller/package.ps1'
[29.340s] INFO:colcon.colcon_core.shell:Creating package descriptor '/home/ros2_ws/src/ros2_control_demos/example_2/install/snowplow_motor_controller/share/snowplow_motor_controller/package.dsv'
[29.342s] INFO:colcon.colcon_core.shell:Creating package script '/home/ros2_ws/src/ros2_control_demos/example_2/install/snowplow_motor_controller/share/snowplow_motor_controller/package.sh'
[29.343s] INFO:colcon.colcon_core.shell:Creating package script '/home/ros2_ws/src/ros2_control_demos/example_2/install/snowplow_motor_controller/share/snowplow_motor_controller/package.bash'
[29.345s] INFO:colcon.colcon_core.shell:Creating package script '/home/ros2_ws/src/ros2_control_demos/example_2/install/snowplow_motor_controller/share/snowplow_motor_controller/package.zsh'
[29.358s] Level 1:colcon.colcon_core.environment:create_file_with_runtime_dependencies(/home/ros2_ws/src/ros2_control_demos/example_2/install/snowplow_motor_controller/share/colcon-core/packages/snowplow_motor_controller)
[29.493s] Level 1:colcon.colcon_core.environment:create_environment_scripts_only(snowplow_motor_controller)
[29.588s] Level 1:colcon.colcon_core.environment:checking '/home/ros2_ws/src/ros2_control_demos/example_2/install/snowplow_motor_controller' for CMake module files
[29.590s] Level 1:colcon.colcon_core.environment:checking '/home/ros2_ws/src/ros2_control_demos/example_2/install/snowplow_motor_controller' for CMake config files
[29.590s] Level 1:colcon.colcon_core.shell:create_environment_hook('snowplow_motor_controller', 'cmake_prefix_path')
[29.686s] INFO:colcon.colcon_core.shell:Creating environment hook '/home/ros2_ws/src/ros2_control_demos/example_2/install/snowplow_motor_controller/share/snowplow_motor_controller/hook/cmake_prefix_path.ps1'
[29.687s] INFO:colcon.colcon_core.shell:Creating environment descriptor '/home/ros2_ws/src/ros2_control_demos/example_2/install/snowplow_motor_controller/share/snowplow_motor_controller/hook/cmake_prefix_path.dsv'
[29.698s] INFO:colcon.colcon_core.shell:Creating environment hook '/home/ros2_ws/src/ros2_control_demos/example_2/install/snowplow_motor_controller/share/snowplow_motor_controller/hook/cmake_prefix_path.sh'
[29.699s] Level 1:colcon.colcon_core.environment:checking '/home/ros2_ws/src/ros2_control_demos/example_2/install/snowplow_motor_controller/lib'
[29.700s] Level 1:colcon.colcon_core.shell:create_environment_hook('snowplow_motor_controller', 'ld_library_path_lib')
[29.813s] INFO:colcon.colcon_core.shell:Creating environment hook '/home/ros2_ws/src/ros2_control_demos/example_2/install/snowplow_motor_controller/share/snowplow_motor_controller/hook/ld_library_path_lib.ps1'
[29.814s] INFO:colcon.colcon_core.shell:Creating environment descriptor '/home/ros2_ws/src/ros2_control_demos/example_2/install/snowplow_motor_controller/share/snowplow_motor_controller/hook/ld_library_path_lib.dsv'
[29.815s] INFO:colcon.colcon_core.shell:Creating environment hook '/home/ros2_ws/src/ros2_control_demos/example_2/install/snowplow_motor_controller/share/snowplow_motor_controller/hook/ld_library_path_lib.sh'
[29.816s] Level 1:colcon.colcon_core.environment:checking '/home/ros2_ws/src/ros2_control_demos/example_2/install/snowplow_motor_controller/bin'
[29.816s] Level 1:colcon.colcon_core.environment:checking '/home/ros2_ws/src/ros2_control_demos/example_2/install/snowplow_motor_controller/lib/pkgconfig/snowplow_motor_controller.pc'
[29.817s] Level 1:colcon.colcon_core.environment:checking '/home/ros2_ws/src/ros2_control_demos/example_2/install/snowplow_motor_controller/lib/python3.10/site-packages'
[29.817s] Level 1:colcon.colcon_core.environment:checking '/home/ros2_ws/src/ros2_control_demos/example_2/install/snowplow_motor_controller/bin'
[29.926s] INFO:colcon.colcon_core.shell:Creating package script '/home/ros2_ws/src/ros2_control_demos/example_2/install/snowplow_motor_controller/share/snowplow_motor_controller/package.ps1'
[29.928s] INFO:colcon.colcon_core.shell:Creating package descriptor '/home/ros2_ws/src/ros2_control_demos/example_2/install/snowplow_motor_controller/share/snowplow_motor_controller/package.dsv'
[29.929s] INFO:colcon.colcon_core.shell:Creating package script '/home/ros2_ws/src/ros2_control_demos/example_2/install/snowplow_motor_controller/share/snowplow_motor_controller/package.sh'
[29.930s] INFO:colcon.colcon_core.shell:Creating package script '/home/ros2_ws/src/ros2_control_demos/example_2/install/snowplow_motor_controller/share/snowplow_motor_controller/package.bash'
[29.931s] INFO:colcon.colcon_core.shell:Creating package script '/home/ros2_ws/src/ros2_control_demos/example_2/install/snowplow_motor_controller/share/snowplow_motor_controller/package.zsh'
[29.943s] Level 1:colcon.colcon_core.environment:create_file_with_runtime_dependencies(/home/ros2_ws/src/ros2_control_demos/example_2/install/snowplow_motor_controller/share/colcon-core/packages/snowplow_motor_controller)
[29.944s] DEBUG:colcon.colcon_parallel_executor.executor.parallel:closing loop
[29.945s] DEBUG:colcon.colcon_parallel_executor.executor.parallel:loop closed
[29.945s] DEBUG:colcon.colcon_parallel_executor.executor.parallel:run_until_complete finished with '0'
[29.946s] DEBUG:colcon.colcon_core.event_reactor:joining thread
[30.076s] INFO:colcon.colcon_core.plugin_system:Skipping extension 'colcon_notification.desktop_notification.notify_send': Could not find 'notify-send'
[30.076s] INFO:colcon.colcon_core.plugin_system:Skipping extension 'colcon_notification.desktop_notification.terminal_notifier': Not used on non-Darwin systems
[30.076s] INFO:colcon.colcon_core.plugin_system:Skipping extension 'colcon_notification.desktop_notification.win32': Not used on non-Windows systems
[30.077s] INFO:colcon.colcon_notification.desktop_notification:Sending desktop notification using 'notify2'
[30.089s] DEBUG:colcon.colcon_notification.desktop_notification.notify2:Failed to initialize notify2: org.freedesktop.DBus.Error.Spawn.ExecFailed: /usr/bin/dbus-launch terminated abnormally without any error message
[30.090s] DEBUG:colcon.colcon_core.event_reactor:joined thread
[30.176s] INFO:colcon.colcon_core.shell:Creating prefix script '/home/ros2_ws/src/ros2_control_demos/example_2/install/local_setup.ps1'
[30.179s] INFO:colcon.colcon_core.shell:Creating prefix util module '/home/ros2_ws/src/ros2_control_demos/example_2/install/_local_setup_util_ps1.py'
[30.194s] INFO:colcon.colcon_core.shell:Creating prefix chain script '/home/ros2_ws/src/ros2_control_demos/example_2/install/setup.ps1'
[30.304s] INFO:colcon.colcon_core.shell:Creating prefix script '/home/ros2_ws/src/ros2_control_demos/example_2/install/local_setup.sh'
[30.306s] INFO:colcon.colcon_core.shell:Creating prefix util module '/home/ros2_ws/src/ros2_control_demos/example_2/install/_local_setup_util_sh.py'
[30.307s] INFO:colcon.colcon_core.shell:Creating prefix chain script '/home/ros2_ws/src/ros2_control_demos/example_2/install/setup.sh'
[30.421s] INFO:colcon.colcon_core.shell:Creating prefix script '/home/ros2_ws/src/ros2_control_demos/example_2/install/local_setup.bash'
[30.422s] INFO:colcon.colcon_core.shell:Creating prefix chain script '/home/ros2_ws/src/ros2_control_demos/example_2/install/setup.bash'
[30.533s] INFO:colcon.colcon_core.shell:Creating prefix script '/home/ros2_ws/src/ros2_control_demos/example_2/install/local_setup.zsh'
[30.534s] INFO:colcon.colcon_core.shell:Creating prefix chain script '/home/ros2_ws/src/ros2_control_demos/example_2/install/setup.zsh'
