[0.378s] Invoking command in '/home/ros2_ws/src/ros2_control_demos/example_2/build/snowplow_motor_controller': CMAKE_PREFIX_PATH=/opt/ros/humble /usr/bin/cmake --build /home/ros2_ws/src/ros2_control_demos/example_2/build/snowplow_motor_controller -- -j8 -l8
[0.746s] [35m[1mConsolidate compiler generated dependencies of target snowplow_motor_controller[0m
[0.984s] [100%] Built target snowplow_motor_controller
[1.013s] Invoked command in '/home/ros2_ws/src/ros2_control_demos/example_2/build/snowplow_motor_controller' returned '0': CMAKE_PREFIX_PATH=/opt/ros/humble /usr/bin/cmake --build /home/ros2_ws/src/ros2_control_demos/example_2/build/snowplow_motor_controller -- -j8 -l8
[1.162s] Invoking command in '/home/ros2_ws/src/ros2_control_demos/example_2/build/snowplow_motor_controller': CMAKE_PREFIX_PATH=/opt/ros/humble /usr/bin/cmake --install /home/ros2_ws/src/ros2_control_demos/example_2/build/snowplow_motor_controller
[1.186s] -- Install configuration: ""
[1.187s] -- Up-to-date: /home/ros2_ws/src/ros2_control_demos/example_2/install/snowplow_motor_controller/share/snowplow_motor_controller/snowplow_motor_controller.xml
[1.187s] -- Up-to-date: /home/ros2_ws/src/ros2_control_demos/example_2/install/snowplow_motor_controller/include/snowplow_motor_controller
[1.188s] -- Up-to-date: /home/ros2_ws/src/ros2_control_demos/example_2/install/snowplow_motor_controller/include/snowplow_motor_controller/snowplow_motor_controller
[1.188s] -- Up-to-date: /home/ros2_ws/src/ros2_control_demos/example_2/install/snowplow_motor_controller/include/snowplow_motor_controller/snowplow_motor_controller/wheel.hpp
[1.189s] -- Up-to-date: /home/ros2_ws/src/ros2_control_demos/example_2/install/snowplow_motor_controller/include/snowplow_motor_controller/snowplow_motor_controller/visibility_control.h
[1.189s] -- Up-to-date: /home/ros2_ws/src/ros2_control_demos/example_2/install/snowplow_motor_controller/include/snowplow_motor_controller/snowplow_motor_controller/config.h
[1.189s] -- Up-to-date: /home/ros2_ws/src/ros2_control_demos/example_2/install/snowplow_motor_controller/include/snowplow_motor_controller/snowplow_motor_controller/diffbot_system.hpp
[1.189s] -- Up-to-date: /home/ros2_ws/src/ros2_control_demos/example_2/install/snowplow_motor_controller/include/snowplow_motor_controller/snowplow_motor_controller/hdc2460_comms.hpp
[1.189s] -- Up-to-date: /home/ros2_ws/src/ros2_control_demos/example_2/install/snowplow_motor_controller/share/snowplow_motor_controller/launch
[1.190s] -- Up-to-date: /home/ros2_ws/src/ros2_control_demos/example_2/install/snowplow_motor_controller/share/snowplow_motor_controller/launch/view_robot.launch.py
[1.190s] -- Up-to-date: /home/ros2_ws/src/ros2_control_demos/example_2/install/snowplow_motor_controller/share/snowplow_motor_controller/ros2_control
[1.190s] -- Up-to-date: /home/ros2_ws/src/ros2_control_demos/example_2/install/snowplow_motor_controller/share/snowplow_motor_controller/ros2_control/diffbot.ros2_control.xacro
[1.190s] -- Up-to-date: /home/ros2_ws/src/ros2_control_demos/example_2/install/snowplow_motor_controller/share/snowplow_motor_controller/urdf
[1.190s] -- Up-to-date: /home/ros2_ws/src/ros2_control_demos/example_2/install/snowplow_motor_controller/share/snowplow_motor_controller/urdf/diffbot.urdf.xacro
[1.190s] -- Up-to-date: /home/ros2_ws/src/ros2_control_demos/example_2/install/snowplow_motor_controller/share/snowplow_motor_controller/launch
[1.190s] -- Up-to-date: /home/ros2_ws/src/ros2_control_demos/example_2/install/snowplow_motor_controller/share/snowplow_motor_controller/launch/diffbot.launch.py
[1.191s] -- Up-to-date: /home/ros2_ws/src/ros2_control_demos/example_2/install/snowplow_motor_controller/share/snowplow_motor_controller/config
[1.191s] -- Up-to-date: /home/ros2_ws/src/ros2_control_demos/example_2/install/snowplow_motor_controller/share/snowplow_motor_controller/config/diffbot_controllers.yaml
[1.193s] -- Up-to-date: /home/ros2_ws/src/ros2_control_demos/example_2/install/snowplow_motor_controller/lib/libsnowplow_motor_controller.so
[1.194s] -- Up-to-date: /home/ros2_ws/src/ros2_control_demos/example_2/install/snowplow_motor_controller/share/snowplow_motor_controller/environment/library_path.sh
[1.195s] -- Up-to-date: /home/ros2_ws/src/ros2_control_demos/example_2/install/snowplow_motor_controller/share/snowplow_motor_controller/environment/library_path.dsv
[1.195s] -- Up-to-date: /home/ros2_ws/src/ros2_control_demos/example_2/install/snowplow_motor_controller/share/ament_index/resource_index/package_run_dependencies/snowplow_motor_controller
[1.195s] -- Up-to-date: /home/ros2_ws/src/ros2_control_demos/example_2/install/snowplow_motor_controller/share/ament_index/resource_index/parent_prefix_path/snowplow_motor_controller
[1.196s] -- Up-to-date: /home/ros2_ws/src/ros2_control_demos/example_2/install/snowplow_motor_controller/share/snowplow_motor_controller/environment/ament_prefix_path.sh
[1.196s] -- Up-to-date: /home/ros2_ws/src/ros2_control_demos/example_2/install/snowplow_motor_controller/share/snowplow_motor_controller/environment/ament_prefix_path.dsv
[1.196s] -- Up-to-date: /home/ros2_ws/src/ros2_control_demos/example_2/install/snowplow_motor_controller/share/snowplow_motor_controller/environment/path.sh
[1.197s] -- Up-to-date: /home/ros2_ws/src/ros2_control_demos/example_2/install/snowplow_motor_controller/share/snowplow_motor_controller/environment/path.dsv
[1.197s] -- Up-to-date: /home/ros2_ws/src/ros2_control_demos/example_2/install/snowplow_motor_controller/share/snowplow_motor_controller/local_setup.bash
[1.197s] -- Up-to-date: /home/ros2_ws/src/ros2_control_demos/example_2/install/snowplow_motor_controller/share/snowplow_motor_controller/local_setup.sh
[1.197s] -- Up-to-date: /home/ros2_ws/src/ros2_control_demos/example_2/install/snowplow_motor_controller/share/snowplow_motor_controller/local_setup.zsh
[1.197s] -- Up-to-date: /home/ros2_ws/src/ros2_control_demos/example_2/install/snowplow_motor_controller/share/snowplow_motor_controller/local_setup.dsv
[1.197s] -- Installing: /home/ros2_ws/src/ros2_control_demos/example_2/install/snowplow_motor_controller/share/snowplow_motor_controller/package.dsv
[1.199s] -- Up-to-date: /home/ros2_ws/src/ros2_control_demos/example_2/install/snowplow_motor_controller/share/ament_index/resource_index/packages/snowplow_motor_controller
[1.199s] -- Up-to-date: /home/ros2_ws/src/ros2_control_demos/example_2/install/snowplow_motor_controller/share/ament_index/resource_index/hardware_interface__pluginlib__plugin/snowplow_motor_controller
[1.200s] -- Up-to-date: /home/ros2_ws/src/ros2_control_demos/example_2/install/snowplow_motor_controller/share/snowplow_motor_controller/cmake/export_snowplow_motor_controllerExport.cmake
[1.201s] -- Up-to-date: /home/ros2_ws/src/ros2_control_demos/example_2/install/snowplow_motor_controller/share/snowplow_motor_controller/cmake/export_snowplow_motor_controllerExport-noconfig.cmake
[1.201s] -- Up-to-date: /home/ros2_ws/src/ros2_control_demos/example_2/install/snowplow_motor_controller/share/snowplow_motor_controller/cmake/ament_cmake_export_targets-extras.cmake
[1.202s] -- Up-to-date: /home/ros2_ws/src/ros2_control_demos/example_2/install/snowplow_motor_controller/share/snowplow_motor_controller/cmake/ament_cmake_export_dependencies-extras.cmake
[1.202s] -- Up-to-date: /home/ros2_ws/src/ros2_control_demos/example_2/install/snowplow_motor_controller/share/snowplow_motor_controller/cmake/snowplow_motor_controllerConfig.cmake
[1.202s] -- Up-to-date: /home/ros2_ws/src/ros2_control_demos/example_2/install/snowplow_motor_controller/share/snowplow_motor_controller/cmake/snowplow_motor_controllerConfig-version.cmake
[1.202s] -- Up-to-date: /home/ros2_ws/src/ros2_control_demos/example_2/install/snowplow_motor_controller/share/snowplow_motor_controller/package.xml
[1.208s] Invoked command in '/home/ros2_ws/src/ros2_control_demos/example_2/build/snowplow_motor_controller' returned '0': CMAKE_PREFIX_PATH=/opt/ros/humble /usr/bin/cmake --install /home/ros2_ws/src/ros2_control_demos/example_2/build/snowplow_motor_controller
