[0.103s] Invoking command in '/home/ros2_ws/src/ros2_control_demos/example_2/build/snowplow_motor_controller': CMAKE_PREFIX_PATH=/opt/ros/humble /usr/bin/cmake /home/ros2_ws/src/ros2_control_demos/example_2 -DCMAKE_INSTALL_PREFIX=/home/ros2_ws/src/ros2_control_demos/example_2/install/snowplow_motor_controller
[0.123s] -- Found ament_cmake: 1.3.7 (/opt/ros/humble/share/ament_cmake/cmake)
[0.461s] -- Found hardware_interface: 2.40.0 (/opt/ros/humble/share/hardware_interface/cmake)
[0.555s] -- Found rosidl_generator_c: 3.1.5 (/opt/ros/humble/share/rosidl_generator_c/cmake)
[0.562s] -- Found rosidl_adapter: 3.1.5 (/opt/ros/humble/share/rosidl_adapter/cmake)
[0.576s] -- Found rosidl_generator_cpp: 3.1.5 (/opt/ros/humble/share/rosidl_generator_cpp/cmake)
[0.602s] -- Using all available rosidl_typesupport_c: rosidl_typesupport_fastrtps_c;rosidl_typesupport_introspection_c
[0.649s] -- Using all available rosidl_typesupport_cpp: rosidl_typesupport_fastrtps_cpp;rosidl_typesupport_introspection_cpp
[2.337s] -- Found rmw_implementation_cmake: 6.1.1 (/opt/ros/humble/share/rmw_implementation_cmake/cmake)
[2.340s] -- Found rmw_fastrtps_cpp: 6.2.6 (/opt/ros/humble/share/rmw_fastrtps_cpp/cmake)
[2.434s] -- Found TinyXML2 via Config file: TinyXML2_DIR-NOTFOUND
[2.449s] -- Found TinyXML2 via Config file: TinyXML2_DIR-NOTFOUND
[2.497s] -- Found TinyXML2 via Config file: TinyXML2_DIR-NOTFOUND
[2.514s] -- Found TinyXML2 via Config file: TinyXML2_DIR-NOTFOUND
[2.536s] -- Using RMW implementation 'rmw_fastrtps_cpp' as default
[3.053s] -- Found ament_cmake_pytest: 1.3.7 (/opt/ros/humble/share/ament_cmake_pytest/cmake)
[4.403s] -- Configuring done
[4.496s] -- Generating done
[4.500s] -- Build files have been written to: /home/ros2_ws/src/ros2_control_demos/example_2/build/snowplow_motor_controller
[4.511s] Invoked command in '/home/ros2_ws/src/ros2_control_demos/example_2/build/snowplow_motor_controller' returned '0': CMAKE_PREFIX_PATH=/opt/ros/humble /usr/bin/cmake /home/ros2_ws/src/ros2_control_demos/example_2 -DCMAKE_INSTALL_PREFIX=/home/ros2_ws/src/ros2_control_demos/example_2/install/snowplow_motor_controller
[4.514s] Invoking command in '/home/ros2_ws/src/ros2_control_demos/example_2/build/snowplow_motor_controller': CMAKE_PREFIX_PATH=/opt/ros/humble /usr/bin/cmake --build /home/ros2_ws/src/ros2_control_demos/example_2/build/snowplow_motor_controller -- -j8 -l8
[4.586s] [ 50%] [32mBuilding CXX object CMakeFiles/snowplow_motor_controller.dir/hardware/diffbot_system.cpp.o[0m
[4.604s] [01m[K/home/ros2_ws/src/ros2_control_demos/example_2/hardware/diffbot_system.cpp:15:10:[m[K [01;31m[Kfatal error: [m[Ksnowplow_motor_controller/diffbot_system.hpp: No such file or directory
[4.605s]    15 | #include [01;31m[K"snowplow_motor_controller/diffbot_system.hpp"[m[K
[4.605s]       |          [01;31m[K^~~~~~~~~~~~~~~~~~~~~~~~~~~~~~~~~~~~~~~~~~~~~~[m[K
[4.605s] compilation terminated.
[4.606s] gmake[2]: *** [CMakeFiles/snowplow_motor_controller.dir/build.make:76: CMakeFiles/snowplow_motor_controller.dir/hardware/diffbot_system.cpp.o] Error 1
[4.606s] gmake[1]: *** [CMakeFiles/Makefile2:137: CMakeFiles/snowplow_motor_controller.dir/all] Error 2
[4.606s] gmake: *** [Makefile:146: all] Error 2
[4.609s] Invoked command in '/home/ros2_ws/src/ros2_control_demos/example_2/build/snowplow_motor_controller' returned '2': CMAKE_PREFIX_PATH=/opt/ros/humble /usr/bin/cmake --build /home/ros2_ws/src/ros2_control_demos/example_2/build/snowplow_motor_controller -- -j8 -l8
