[8.775s] DEBUG:colcon:Command line arguments: ['/usr/bin/colcon', 'build']
[8.775s] DEBUG:colcon:Parsed command line arguments: Namespace(log_base=None, log_level=None, verb_name='build', build_base='build', install_base='install', merge_install=False, symlink_install=False, test_result_base=None, continue_on_error=False, executor='parallel', parallel_workers=8, event_handlers=None, ignore_user_meta=False, metas=['./colcon.meta'], base_paths=['.'], packages_ignore=None, packages_ignore_regex=None, paths=None, packages_up_to=None, packages_up_to_regex=None, packages_above=None, packages_above_and_dependencies=None, packages_above_depth=None, packages_select_by_dep=None, packages_skip_by_dep=None, packages_skip_up_to=None, packages_select_build_failed=False, packages_skip_build_finished=False, packages_select_test_failures=False, packages_skip_test_passed=False, packages_select=None, packages_skip=None, packages_select_regex=None, packages_skip_regex=None, packages_start=None, packages_end=None, cmake_args=None, cmake_target=None, cmake_target_skip_unavailable=False, cmake_clean_cache=False, cmake_clean_first=False, cmake_force_configure=False, ament_cmake_args=None, catkin_cmake_args=None, catkin_skip_building_tests=False, mixin_files=None, mixin=None, verb_parser=<colcon_mixin.mixin.mixin_argument.MixinArgumentDecorator object at 0x7f17e23b7550>, verb_extension=<colcon_core.verb.build.BuildVerb object at 0x7f17e23b5210>, main=<bound method BuildVerb.main of <colcon_core.verb.build.BuildVerb object at 0x7f17e23b5210>>, mixin_verb=('build',))
[9.034s] Level 1:colcon.colcon_core.package_discovery:discover_packages(colcon_meta) check parameters
[9.036s] INFO:colcon.colcon_metadata.package_discovery.colcon_meta:Using configuration from '/root/.colcon/metadata/default/Gazebo.meta'
[9.037s] INFO:colcon.colcon_metadata.package_discovery.colcon_meta:Using configuration from '/root/.colcon/metadata/default/fastrtps.meta'
[9.038s] Level 1:colcon.colcon_core.package_discovery:discover_packages(recursive) check parameters
[9.038s] Level 1:colcon.colcon_core.package_discovery:discover_packages(ignore) check parameters
[9.038s] Level 1:colcon.colcon_core.package_discovery:discover_packages(path) check parameters
[9.038s] Level 1:colcon.colcon_core.package_discovery:discover_packages(colcon_meta) discover
[9.038s] Level 1:colcon.colcon_core.package_discovery:discover_packages(recursive) discover
[9.038s] INFO:colcon.colcon_core.package_discovery:Crawling recursively for packages in '/home/ros2_ws/src/ros2_control_demos/example_2'
[9.038s] Level 1:colcon.colcon_core.package_identification:_identify(.) by extensions ['ignore', 'ignore_ament_install']
[9.038s] Level 1:colcon.colcon_core.package_identification:_identify(.) by extension 'ignore'
[9.038s] Level 1:colcon.colcon_core.package_identification:_identify(.) by extension 'ignore_ament_install'
[9.039s] Level 1:colcon.colcon_core.package_identification:_identify(.) by extensions ['colcon_pkg']
[9.039s] Level 1:colcon.colcon_core.package_identification:_identify(.) by extension 'colcon_pkg'
[9.039s] Level 1:colcon.colcon_core.package_identification:_identify(.) by extensions ['colcon_meta']
[9.039s] Level 1:colcon.colcon_core.package_identification:_identify(.) by extension 'colcon_meta'
[9.039s] Level 1:colcon.colcon_core.package_identification:_identify(.) by extensions ['ros']
[9.039s] Level 1:colcon.colcon_core.package_identification:_identify(.) by extension 'ros'
[9.167s] DEBUG:colcon.colcon_core.package_identification:Package '.' with type 'ros.ament_cmake' and name 'snowplow_motor_controller'
[9.168s] Level 1:colcon.colcon_core.package_discovery:discover_packages(recursive) using defaults
[9.168s] Level 1:colcon.colcon_core.package_discovery:discover_packages(ignore) discover
[9.168s] Level 1:colcon.colcon_core.package_discovery:discover_packages(ignore) using defaults
[9.168s] Level 1:colcon.colcon_core.package_discovery:discover_packages(path) discover
[9.168s] Level 1:colcon.colcon_core.package_discovery:discover_packages(path) using defaults
[9.902s] Level 5:colcon.colcon_core.verb:set package 'snowplow_motor_controller' build argument 'cmake_args' from command line to 'None'
[9.902s] Level 5:colcon.colcon_core.verb:set package 'snowplow_motor_controller' build argument 'cmake_target' from command line to 'None'
[9.902s] Level 5:colcon.colcon_core.verb:set package 'snowplow_motor_controller' build argument 'cmake_target_skip_unavailable' from command line to 'False'
[9.902s] Level 5:colcon.colcon_core.verb:set package 'snowplow_motor_controller' build argument 'cmake_clean_cache' from command line to 'False'
[9.902s] Level 5:colcon.colcon_core.verb:set package 'snowplow_motor_controller' build argument 'cmake_clean_first' from command line to 'False'
[9.902s] Level 5:colcon.colcon_core.verb:set package 'snowplow_motor_controller' build argument 'cmake_force_configure' from command line to 'False'
[9.903s] Level 5:colcon.colcon_core.verb:set package 'snowplow_motor_controller' build argument 'ament_cmake_args' from command line to 'None'
[9.903s] Level 5:colcon.colcon_core.verb:set package 'snowplow_motor_controller' build argument 'catkin_cmake_args' from command line to 'None'
[9.903s] Level 5:colcon.colcon_core.verb:set package 'snowplow_motor_controller' build argument 'catkin_skip_building_tests' from command line to 'False'
[9.903s] DEBUG:colcon.colcon_core.verb:Building package 'snowplow_motor_controller' with the following arguments: {'ament_cmake_args': None, 'build_base': '/home/ros2_ws/src/ros2_control_demos/example_2/build/snowplow_motor_controller', 'catkin_cmake_args': None, 'catkin_skip_building_tests': False, 'cmake_args': None, 'cmake_clean_cache': False, 'cmake_clean_first': False, 'cmake_force_configure': False, 'cmake_target': None, 'cmake_target_skip_unavailable': False, 'install_base': '/home/ros2_ws/src/ros2_control_demos/example_2/install/snowplow_motor_controller', 'merge_install': False, 'path': '/home/ros2_ws/src/ros2_control_demos/example_2', 'symlink_install': False, 'test_result_base': None}
[10.019s] INFO:colcon.colcon_core.executor:Executing jobs using 'parallel' executor
[10.127s] DEBUG:colcon.colcon_parallel_executor.executor.parallel:run_until_complete
[10.128s] INFO:colcon.colcon_ros.task.ament_cmake.build:Building ROS package in '/home/ros2_ws/src/ros2_control_demos/example_2' with build type 'ament_cmake'
[10.128s] INFO:colcon.colcon_cmake.task.cmake.build:Building CMake package in '/home/ros2_ws/src/ros2_control_demos/example_2'
[10.255s] INFO:colcon.colcon_core.plugin_system:Skipping extension 'colcon_core.shell.bat': Not used on non-Windows systems
[10.256s] INFO:colcon.colcon_core.shell:Skip shell extension 'powershell' for command environment: Not usable outside of PowerShell
[10.256s] DEBUG:colcon.colcon_core.shell:Skip shell extension 'dsv' for command environment
[10.562s] DEBUG:colcon.colcon_core.event_handler.log_command:Invoking command in '/home/ros2_ws/src/ros2_control_demos/example_2/build/snowplow_motor_controller': CMAKE_PREFIX_PATH=/opt/ros/humble /usr/bin/cmake --build /home/ros2_ws/src/ros2_control_demos/example_2/build/snowplow_motor_controller -- -j8 -l8
[25.787s] DEBUG:colcon.colcon_core.event_handler.log_command:Invoked command in '/home/ros2_ws/src/ros2_control_demos/example_2/build/snowplow_motor_controller' returned '2': CMAKE_PREFIX_PATH=/opt/ros/humble /usr/bin/cmake --build /home/ros2_ws/src/ros2_control_demos/example_2/build/snowplow_motor_controller -- -j8 -l8
[25.946s] Level 1:colcon.colcon_core.environment:create_environment_scripts_only(snowplow_motor_controller)
[26.028s] Level 1:colcon.colcon_core.environment:checking '/home/ros2_ws/src/ros2_control_demos/example_2/install/snowplow_motor_controller' for CMake module files
[26.030s] Level 1:colcon.colcon_core.environment:checking '/home/ros2_ws/src/ros2_control_demos/example_2/install/snowplow_motor_controller' for CMake config files
[26.031s] Level 1:colcon.colcon_core.shell:create_environment_hook('snowplow_motor_controller', 'cmake_prefix_path')
[26.126s] INFO:colcon.colcon_core.shell:Creating environment hook '/home/ros2_ws/src/ros2_control_demos/example_2/install/snowplow_motor_controller/share/snowplow_motor_controller/hook/cmake_prefix_path.ps1'
[26.139s] INFO:colcon.colcon_core.shell:Creating environment descriptor '/home/ros2_ws/src/ros2_control_demos/example_2/install/snowplow_motor_controller/share/snowplow_motor_controller/hook/cmake_prefix_path.dsv'
[26.142s] INFO:colcon.colcon_core.shell:Creating environment hook '/home/ros2_ws/src/ros2_control_demos/example_2/install/snowplow_motor_controller/share/snowplow_motor_controller/hook/cmake_prefix_path.sh'
[26.144s] Level 1:colcon.colcon_core.environment:checking '/home/ros2_ws/src/ros2_control_demos/example_2/install/snowplow_motor_controller/lib'
[26.145s] Level 1:colcon.colcon_core.shell:create_environment_hook('snowplow_motor_controller', 'ld_library_path_lib')
[26.246s] INFO:colcon.colcon_core.shell:Creating environment hook '/home/ros2_ws/src/ros2_control_demos/example_2/install/snowplow_motor_controller/share/snowplow_motor_controller/hook/ld_library_path_lib.ps1'
[26.248s] INFO:colcon.colcon_core.shell:Creating environment descriptor '/home/ros2_ws/src/ros2_control_demos/example_2/install/snowplow_motor_controller/share/snowplow_motor_controller/hook/ld_library_path_lib.dsv'
[26.249s] INFO:colcon.colcon_core.shell:Creating environment hook '/home/ros2_ws/src/ros2_control_demos/example_2/install/snowplow_motor_controller/share/snowplow_motor_controller/hook/ld_library_path_lib.sh'
[26.249s] Level 1:colcon.colcon_core.environment:checking '/home/ros2_ws/src/ros2_control_demos/example_2/install/snowplow_motor_controller/bin'
[26.250s] Level 1:colcon.colcon_core.environment:checking '/home/ros2_ws/src/ros2_control_demos/example_2/install/snowplow_motor_controller/lib/pkgconfig/snowplow_motor_controller.pc'
[26.255s] Level 1:colcon.colcon_core.environment:checking '/home/ros2_ws/src/ros2_control_demos/example_2/install/snowplow_motor_controller/lib/python3.10/site-packages'
[26.256s] Level 1:colcon.colcon_core.environment:checking '/home/ros2_ws/src/ros2_control_demos/example_2/install/snowplow_motor_controller/bin'
[26.338s] INFO:colcon.colcon_core.shell:Creating package script '/home/ros2_ws/src/ros2_control_demos/example_2/install/snowplow_motor_controller/share/snowplow_motor_controller/package.ps1'
[26.341s] INFO:colcon.colcon_core.shell:Creating package descriptor '/home/ros2_ws/src/ros2_control_demos/example_2/install/snowplow_motor_controller/share/snowplow_motor_controller/package.dsv'
[26.343s] INFO:colcon.colcon_core.shell:Creating package script '/home/ros2_ws/src/ros2_control_demos/example_2/install/snowplow_motor_controller/share/snowplow_motor_controller/package.sh'
[26.407s] INFO:colcon.colcon_core.shell:Creating package script '/home/ros2_ws/src/ros2_control_demos/example_2/install/snowplow_motor_controller/share/snowplow_motor_controller/package.bash'
[26.422s] INFO:colcon.colcon_core.shell:Creating package script '/home/ros2_ws/src/ros2_control_demos/example_2/install/snowplow_motor_controller/share/snowplow_motor_controller/package.zsh'
[26.442s] Level 1:colcon.colcon_core.environment:create_file_with_runtime_dependencies(/home/ros2_ws/src/ros2_control_demos/example_2/install/snowplow_motor_controller/share/colcon-core/packages/snowplow_motor_controller)
[26.443s] DEBUG:colcon.colcon_parallel_executor.executor.parallel:closing loop
[26.445s] DEBUG:colcon.colcon_parallel_executor.executor.parallel:loop closed
[26.445s] DEBUG:colcon.colcon_parallel_executor.executor.parallel:run_until_complete finished with '2'
[26.445s] DEBUG:colcon.colcon_core.event_reactor:joining thread
[26.566s] INFO:colcon.colcon_core.plugin_system:Skipping extension 'colcon_notification.desktop_notification.notify_send': Could not find 'notify-send'
[26.566s] INFO:colcon.colcon_core.plugin_system:Skipping extension 'colcon_notification.desktop_notification.terminal_notifier': Not used on non-Darwin systems
[26.566s] INFO:colcon.colcon_core.plugin_system:Skipping extension 'colcon_notification.desktop_notification.win32': Not used on non-Windows systems
[26.566s] INFO:colcon.colcon_notification.desktop_notification:Sending desktop notification using 'notify2'
[26.573s] DEBUG:colcon.colcon_notification.desktop_notification.notify2:Failed to initialize notify2: org.freedesktop.DBus.Error.Spawn.ExecFailed: /usr/bin/dbus-launch terminated abnormally without any error message
[26.573s] DEBUG:colcon.colcon_core.event_reactor:joined thread
[26.678s] INFO:colcon.colcon_core.shell:Creating prefix script '/home/ros2_ws/src/ros2_control_demos/example_2/install/local_setup.ps1'
[26.730s] INFO:colcon.colcon_core.shell:Creating prefix util module '/home/ros2_ws/src/ros2_control_demos/example_2/install/_local_setup_util_ps1.py'
[26.768s] INFO:colcon.colcon_core.shell:Creating prefix chain script '/home/ros2_ws/src/ros2_control_demos/example_2/install/setup.ps1'
[26.886s] INFO:colcon.colcon_core.shell:Creating prefix script '/home/ros2_ws/src/ros2_control_demos/example_2/install/local_setup.sh'
[26.891s] INFO:colcon.colcon_core.shell:Creating prefix util module '/home/ros2_ws/src/ros2_control_demos/example_2/install/_local_setup_util_sh.py'
[26.893s] INFO:colcon.colcon_core.shell:Creating prefix chain script '/home/ros2_ws/src/ros2_control_demos/example_2/install/setup.sh'
[26.988s] INFO:colcon.colcon_core.shell:Creating prefix script '/home/ros2_ws/src/ros2_control_demos/example_2/install/local_setup.bash'
[26.998s] INFO:colcon.colcon_core.shell:Creating prefix chain script '/home/ros2_ws/src/ros2_control_demos/example_2/install/setup.bash'
[27.117s] INFO:colcon.colcon_core.shell:Creating prefix script '/home/ros2_ws/src/ros2_control_demos/example_2/install/local_setup.zsh'
[27.138s] INFO:colcon.colcon_core.shell:Creating prefix chain script '/home/ros2_ws/src/ros2_control_demos/example_2/install/setup.zsh'
